<?xml version="1.0" encoding="UTF-8"?>
<!-- Generated by org.testng.reporters.JUnitReportReporter -->
<testsuite hostname="DESKTOP-T8H87ST" failures="0" tests="1" name="ActionsDemo.moveToElement" time="119.320" errors="0" timestamp="2023-08-09T06:45:08 IST" skipped="0">
  <testcase classname="ActionsDemo.moveToElement" name="rightClick" time="119.320"/>
  <system-out/>
</testsuite> <!-- ActionsDemo.moveToElement -->
