<?xml version="1.0" encoding="UTF-8"?>
<!-- Generated by org.testng.reporters.JUnitReportReporter -->
<testsuite hostname="DESKTOP-T8H87ST" failures="0" tests="1" name="TestNG.Practise_1" time="0.003" errors="0" timestamp="2023-07-28T10:03:47 IST" skipped="0">
  <testcase classname="TestNG.Practise_1" name="practise_1" time="0.003"/>
  <system-out/>
</testsuite> <!-- TestNG.Practise_1 -->
