<?xml version="1.0" encoding="UTF-8"?>
<!-- Generated by org.testng.reporters.JUnitReportReporter -->
<testsuite hostname="DESKTOP-T8H87ST" failures="0" tests="1" name="Frame.FramesPractise" time="47.731" errors="0" timestamp="2023-07-28T08:40:49 IST" skipped="0">
  <testcase classname="Frame.FramesPractise" name="framesPractise" time="47.731"/>
  <system-out/>
</testsuite> <!-- Frame.FramesPractise -->
