<?xml version="1.0" encoding="UTF-8"?>
<!-- Generated by org.testng.reporters.JUnitReportReporter -->
<testsuite hostname="DESKTOP-T8H87ST" failures="0" tests="3" name="TestNG.Practise_2" time="0.007" errors="0" timestamp="2023-07-28T10:03:47 IST" skipped="0">
  <testcase classname="TestNG.Practise_2" name="mobileLoginCar" time="0.003"/>
  <system-out/>
  <testcase classname="TestNG.Practise_2" name="loginAPICar" time="0.002"/>
  <system-out/>
  <testcase classname="TestNG.Practise_2" name="loginCar" time="0.002"/>
  <system-out/>
</testsuite> <!-- TestNG.Practise_2 -->
