<?xml version="1.0" encoding="UTF-8"?>
<!-- Generated by org.testng.reporters.JUnitReportReporter -->
<testsuite hostname="DESKTOP-T8H87ST" failures="0" tests="1" name="calender.Calender" time="137.299" errors="0" timestamp="2023-07-30T17:48:32 IST" skipped="0">
  <testcase classname="calender.Calender" name="calender" time="137.299"/>
  <system-out/>
</testsuite> <!-- calender.Calender -->
