<?xml version="1.0" encoding="UTF-8"?>
<!-- Generated by org.testng.reporters.JUnitReportReporter -->
<testsuite hostname="DESKTOP-T8H87ST" failures="0" tests="1" name="Frame.Practise" time="46.685" errors="0" timestamp="2023-07-28T09:48:27 IST" skipped="0">
  <testcase classname="Frame.Practise" name="practise" time="46.685"/>
  <system-out/>
</testsuite> <!-- Frame.Practise -->
