<?xml version="1.0" encoding="UTF-8"?>
<!-- Generated by org.testng.reporters.JUnitReportReporter -->
<testsuite hostname="DESKTOP-T8H87ST" failures="0" tests="3" name="TestNG.DataProvider" time="0.025" errors="0" timestamp="2023-07-28T10:03:47 IST" skipped="0">
  <testcase classname="TestNG.DataProvider" name="dataProvider" time="0.003"/>
  <system-out/>
  <testcase classname="TestNG.DataProvider" name="dataProvider" time="0.018"/>
  <system-out/>
  <testcase classname="TestNG.DataProvider" name="dataProvider" time="0.004"/>
  <system-out/>
</testsuite> <!-- TestNG.DataProvider -->
